running egg_info
creating /home/autobob/ros2-dashing/pubsub/build/serial_motor/serial_motor.egg-info
writing /home/autobob/ros2-dashing/pubsub/build/serial_motor/serial_motor.egg-info/PKG-INFO
writing dependency_links to /home/autobob/ros2-dashing/pubsub/build/serial_motor/serial_motor.egg-info/dependency_links.txt
writing entry points to /home/autobob/ros2-dashing/pubsub/build/serial_motor/serial_motor.egg-info/entry_points.txt
writing requirements to /home/autobob/ros2-dashing/pubsub/build/serial_motor/serial_motor.egg-info/requires.txt
writing top-level names to /home/autobob/ros2-dashing/pubsub/build/serial_motor/serial_motor.egg-info/top_level.txt
writing manifest file '/home/autobob/ros2-dashing/pubsub/build/serial_motor/serial_motor.egg-info/SOURCES.txt'
reading manifest file '/home/autobob/ros2-dashing/pubsub/build/serial_motor/serial_motor.egg-info/SOURCES.txt'
writing manifest file '/home/autobob/ros2-dashing/pubsub/build/serial_motor/serial_motor.egg-info/SOURCES.txt'
running build
running build_py
creating /home/autobob/ros2-dashing/pubsub/build/serial_motor/build
creating /home/autobob/ros2-dashing/pubsub/build/serial_motor/build/lib
creating /home/autobob/ros2-dashing/pubsub/build/serial_motor/build/lib/serial_motor
copying serial_motor/motor_node.py -> /home/autobob/ros2-dashing/pubsub/build/serial_motor/build/lib/serial_motor
copying serial_motor/__init__.py -> /home/autobob/ros2-dashing/pubsub/build/serial_motor/build/lib/serial_motor
running install
running install_lib
creating /home/autobob/ros2-dashing/pubsub/install/serial_motor/lib/python3.6/site-packages/serial_motor
copying /home/autobob/ros2-dashing/pubsub/build/serial_motor/build/lib/serial_motor/motor_node.py -> /home/autobob/ros2-dashing/pubsub/install/serial_motor/lib/python3.6/site-packages/serial_motor
copying /home/autobob/ros2-dashing/pubsub/build/serial_motor/build/lib/serial_motor/__init__.py -> /home/autobob/ros2-dashing/pubsub/install/serial_motor/lib/python3.6/site-packages/serial_motor
byte-compiling /home/autobob/ros2-dashing/pubsub/install/serial_motor/lib/python3.6/site-packages/serial_motor/motor_node.py to motor_node.cpython-36.pyc
byte-compiling /home/autobob/ros2-dashing/pubsub/install/serial_motor/lib/python3.6/site-packages/serial_motor/__init__.py to __init__.cpython-36.pyc
running install_data
creating /home/autobob/ros2-dashing/pubsub/install/serial_motor/share/ament_index
creating /home/autobob/ros2-dashing/pubsub/install/serial_motor/share/ament_index/resource_index
creating /home/autobob/ros2-dashing/pubsub/install/serial_motor/share/ament_index/resource_index/packages
copying resource/serial_motor -> /home/autobob/ros2-dashing/pubsub/install/serial_motor/share/ament_index/resource_index/packages
copying package.xml -> /home/autobob/ros2-dashing/pubsub/install/serial_motor/share/serial_motor
running install_egg_info
Copying /home/autobob/ros2-dashing/pubsub/build/serial_motor/serial_motor.egg-info to /home/autobob/ros2-dashing/pubsub/install/serial_motor/lib/python3.6/site-packages/serial_motor-0.0.0-py3.6.egg-info
running install_scripts
Installing motor script to /home/autobob/ros2-dashing/pubsub/install/serial_motor/lib/serial_motor
writing list of installed files to '/home/autobob/ros2-dashing/pubsub/build/serial_motor/install.log'
