[0.118s] DEBUG:colcon:Command line arguments: ['/usr/bin/colcon', 'build']
[0.119s] DEBUG:colcon:Parsed command line arguments: Namespace(ament_cmake_args=None, base_paths='.', build_base='build', catkin_cmake_args=None, catkin_skip_building_tests=False, cmake_args=None, cmake_clean_cache=False, cmake_clean_first=False, cmake_force_configure=False, cmake_target=None, cmake_target_skip_unavailable=False, continue_on_error=False, event_handlers=None, executor='parallel', ignore_user_meta=False, install_base='install', log_base='log', log_level=None, main=<bound method BuildVerb.main of <colcon_core.verb.build.BuildVerb object at 0x7f69d1abeda0>>, merge_install=False, metas='./colcon.meta', packages_above=None, packages_above_depth=None, packages_end=None, packages_ignore=None, packages_ignore_regex=None, packages_select=None, packages_select_build_failed=False, packages_select_by_dep=None, packages_select_regex=None, packages_select_test_failures=False, packages_skip=None, packages_skip_build_finished=False, packages_skip_by_dep=None, packages_skip_regex=None, packages_skip_test_passed=False, packages_skip_up_to=None, packages_start=None, packages_up_to=None, parallel_workers=4, paths=None, symlink_install=False, test_result_base=None, verb_extension=<colcon_core.verb.build.BuildVerb object at 0x7f69d1abeda0>, verb_name='build', verb_parser=<colcon_defaults.argument_parser.defaults.DefaultArgumentsDecorator object at 0x7f69d1ac70f0>)
[0.149s] Level 1:colcon.colcon_core.package_discovery:discover_packages(colcon_meta) check parameters
[0.149s] Level 1:colcon.colcon_core.package_discovery:discover_packages(recursive) check parameters
[0.149s] Level 1:colcon.colcon_core.package_discovery:discover_packages(ignore) check parameters
[0.149s] Level 1:colcon.colcon_core.package_discovery:discover_packages(path) check parameters
[0.149s] Level 1:colcon.colcon_core.package_discovery:discover_packages(recursive) discover
[0.150s] INFO:colcon.colcon_core.package_discovery:Crawling recursively for packages in '/home/autobob/ros2-dashing/pubsub'
[0.150s] Level 1:colcon.colcon_core.package_identification:_identify(/home/autobob/ros2-dashing/pubsub) by extensions ['ignore', 'ignore_ament_install']
[0.150s] Level 1:colcon.colcon_core.package_identification:_identify(/home/autobob/ros2-dashing/pubsub) by extension 'ignore'
[0.150s] Level 1:colcon.colcon_core.package_identification:_identify(/home/autobob/ros2-dashing/pubsub) by extension 'ignore_ament_install'
[0.150s] Level 1:colcon.colcon_core.package_identification:_identify(/home/autobob/ros2-dashing/pubsub) by extensions ['colcon_pkg']
[0.150s] Level 1:colcon.colcon_core.package_identification:_identify(/home/autobob/ros2-dashing/pubsub) by extension 'colcon_pkg'
[0.150s] Level 1:colcon.colcon_core.package_identification:_identify(/home/autobob/ros2-dashing/pubsub) by extensions ['colcon_meta']
[0.150s] Level 1:colcon.colcon_core.package_identification:_identify(/home/autobob/ros2-dashing/pubsub) by extension 'colcon_meta'
[0.150s] Level 1:colcon.colcon_core.package_identification:_identify(/home/autobob/ros2-dashing/pubsub) by extensions ['ros']
[0.150s] Level 1:colcon.colcon_core.package_identification:_identify(/home/autobob/ros2-dashing/pubsub) by extension 'ros'
[0.159s] Level 1:colcon.colcon_core.package_identification:_identify(/home/autobob/ros2-dashing/pubsub) by extensions ['cmake', 'python']
[0.160s] Level 1:colcon.colcon_core.package_identification:_identify(/home/autobob/ros2-dashing/pubsub) by extension 'cmake'
[0.160s] Level 1:colcon.colcon_core.package_identification:_identify(/home/autobob/ros2-dashing/pubsub) by extension 'python'
[0.160s] Level 1:colcon.colcon_core.package_identification:_identify(/home/autobob/ros2-dashing/pubsub) by extensions ['python_setup_py']
[0.160s] Level 1:colcon.colcon_core.package_identification:_identify(/home/autobob/ros2-dashing/pubsub) by extension 'python_setup_py'
[0.160s] Level 1:colcon.colcon_core.package_identification:_identify(/home/autobob/ros2-dashing/pubsub/build) by extensions ['ignore', 'ignore_ament_install']
[0.160s] Level 1:colcon.colcon_core.package_identification:_identify(/home/autobob/ros2-dashing/pubsub/build) by extension 'ignore'
[0.160s] Level 1:colcon.colcon_core.package_identification:_identify(/home/autobob/ros2-dashing/pubsub/build) ignored
[0.160s] Level 1:colcon.colcon_core.package_identification:_identify(/home/autobob/ros2-dashing/pubsub/install) by extensions ['ignore', 'ignore_ament_install']
[0.160s] Level 1:colcon.colcon_core.package_identification:_identify(/home/autobob/ros2-dashing/pubsub/install) by extension 'ignore'
[0.160s] Level 1:colcon.colcon_core.package_identification:_identify(/home/autobob/ros2-dashing/pubsub/install) ignored
[0.161s] Level 1:colcon.colcon_core.package_identification:_identify(/home/autobob/ros2-dashing/pubsub/log) by extensions ['ignore', 'ignore_ament_install']
[0.161s] Level 1:colcon.colcon_core.package_identification:_identify(/home/autobob/ros2-dashing/pubsub/log) by extension 'ignore'
[0.161s] Level 1:colcon.colcon_core.package_identification:_identify(/home/autobob/ros2-dashing/pubsub/log) ignored
[0.161s] Level 1:colcon.colcon_core.package_identification:_identify(/home/autobob/ros2-dashing/pubsub/src) by extensions ['ignore', 'ignore_ament_install']
[0.161s] Level 1:colcon.colcon_core.package_identification:_identify(/home/autobob/ros2-dashing/pubsub/src) by extension 'ignore'
[0.161s] Level 1:colcon.colcon_core.package_identification:_identify(/home/autobob/ros2-dashing/pubsub/src) by extension 'ignore_ament_install'
[0.161s] Level 1:colcon.colcon_core.package_identification:_identify(/home/autobob/ros2-dashing/pubsub/src) by extensions ['colcon_pkg']
[0.161s] Level 1:colcon.colcon_core.package_identification:_identify(/home/autobob/ros2-dashing/pubsub/src) by extension 'colcon_pkg'
[0.161s] Level 1:colcon.colcon_core.package_identification:_identify(/home/autobob/ros2-dashing/pubsub/src) by extensions ['colcon_meta']
[0.161s] Level 1:colcon.colcon_core.package_identification:_identify(/home/autobob/ros2-dashing/pubsub/src) by extension 'colcon_meta'
[0.161s] Level 1:colcon.colcon_core.package_identification:_identify(/home/autobob/ros2-dashing/pubsub/src) by extensions ['ros']
[0.161s] Level 1:colcon.colcon_core.package_identification:_identify(/home/autobob/ros2-dashing/pubsub/src) by extension 'ros'
[0.161s] Level 1:colcon.colcon_core.package_identification:_identify(/home/autobob/ros2-dashing/pubsub/src) by extensions ['cmake', 'python']
[0.161s] Level 1:colcon.colcon_core.package_identification:_identify(/home/autobob/ros2-dashing/pubsub/src) by extension 'cmake'
[0.162s] Level 1:colcon.colcon_core.package_identification:_identify(/home/autobob/ros2-dashing/pubsub/src) by extension 'python'
[0.162s] Level 1:colcon.colcon_core.package_identification:_identify(/home/autobob/ros2-dashing/pubsub/src) by extensions ['python_setup_py']
[0.162s] Level 1:colcon.colcon_core.package_identification:_identify(/home/autobob/ros2-dashing/pubsub/src) by extension 'python_setup_py'
[0.162s] Level 1:colcon.colcon_core.package_identification:_identify(/home/autobob/ros2-dashing/pubsub/src/basic_publisher) by extensions ['ignore', 'ignore_ament_install']
[0.162s] Level 1:colcon.colcon_core.package_identification:_identify(/home/autobob/ros2-dashing/pubsub/src/basic_publisher) by extension 'ignore'
[0.162s] Level 1:colcon.colcon_core.package_identification:_identify(/home/autobob/ros2-dashing/pubsub/src/basic_publisher) by extension 'ignore_ament_install'
[0.162s] Level 1:colcon.colcon_core.package_identification:_identify(/home/autobob/ros2-dashing/pubsub/src/basic_publisher) by extensions ['colcon_pkg']
[0.162s] Level 1:colcon.colcon_core.package_identification:_identify(/home/autobob/ros2-dashing/pubsub/src/basic_publisher) by extension 'colcon_pkg'
[0.162s] Level 1:colcon.colcon_core.package_identification:_identify(/home/autobob/ros2-dashing/pubsub/src/basic_publisher) by extensions ['colcon_meta']
[0.162s] Level 1:colcon.colcon_core.package_identification:_identify(/home/autobob/ros2-dashing/pubsub/src/basic_publisher) by extension 'colcon_meta'
[0.162s] Level 1:colcon.colcon_core.package_identification:_identify(/home/autobob/ros2-dashing/pubsub/src/basic_publisher) by extensions ['ros']
[0.162s] Level 1:colcon.colcon_core.package_identification:_identify(/home/autobob/ros2-dashing/pubsub/src/basic_publisher) by extension 'ros'
[0.165s] DEBUG:colcon.colcon_core.package_identification:Package '/home/autobob/ros2-dashing/pubsub/src/basic_publisher' with type 'ros.ament_python' and name 'basic_publisher'
[0.165s] Level 1:colcon.colcon_core.package_identification:_identify(/home/autobob/ros2-dashing/pubsub/src/basic_subscriber) by extensions ['ignore', 'ignore_ament_install']
[0.165s] Level 1:colcon.colcon_core.package_identification:_identify(/home/autobob/ros2-dashing/pubsub/src/basic_subscriber) by extension 'ignore'
[0.165s] Level 1:colcon.colcon_core.package_identification:_identify(/home/autobob/ros2-dashing/pubsub/src/basic_subscriber) by extension 'ignore_ament_install'
[0.165s] Level 1:colcon.colcon_core.package_identification:_identify(/home/autobob/ros2-dashing/pubsub/src/basic_subscriber) by extensions ['colcon_pkg']
[0.165s] Level 1:colcon.colcon_core.package_identification:_identify(/home/autobob/ros2-dashing/pubsub/src/basic_subscriber) by extension 'colcon_pkg'
[0.165s] Level 1:colcon.colcon_core.package_identification:_identify(/home/autobob/ros2-dashing/pubsub/src/basic_subscriber) by extensions ['colcon_meta']
[0.165s] Level 1:colcon.colcon_core.package_identification:_identify(/home/autobob/ros2-dashing/pubsub/src/basic_subscriber) by extension 'colcon_meta'
[0.165s] Level 1:colcon.colcon_core.package_identification:_identify(/home/autobob/ros2-dashing/pubsub/src/basic_subscriber) by extensions ['ros']
[0.165s] Level 1:colcon.colcon_core.package_identification:_identify(/home/autobob/ros2-dashing/pubsub/src/basic_subscriber) by extension 'ros'
[0.166s] DEBUG:colcon.colcon_core.package_identification:Package '/home/autobob/ros2-dashing/pubsub/src/basic_subscriber' with type 'ros.ament_python' and name 'basic_subscriber'
[0.167s] Level 1:colcon.colcon_core.package_identification:_identify(/home/autobob/ros2-dashing/pubsub/src/serial_led) by extensions ['ignore', 'ignore_ament_install']
[0.167s] Level 1:colcon.colcon_core.package_identification:_identify(/home/autobob/ros2-dashing/pubsub/src/serial_led) by extension 'ignore'
[0.167s] Level 1:colcon.colcon_core.package_identification:_identify(/home/autobob/ros2-dashing/pubsub/src/serial_led) by extension 'ignore_ament_install'
[0.167s] Level 1:colcon.colcon_core.package_identification:_identify(/home/autobob/ros2-dashing/pubsub/src/serial_led) by extensions ['colcon_pkg']
[0.167s] Level 1:colcon.colcon_core.package_identification:_identify(/home/autobob/ros2-dashing/pubsub/src/serial_led) by extension 'colcon_pkg'
[0.167s] Level 1:colcon.colcon_core.package_identification:_identify(/home/autobob/ros2-dashing/pubsub/src/serial_led) by extensions ['colcon_meta']
[0.167s] Level 1:colcon.colcon_core.package_identification:_identify(/home/autobob/ros2-dashing/pubsub/src/serial_led) by extension 'colcon_meta'
[0.167s] Level 1:colcon.colcon_core.package_identification:_identify(/home/autobob/ros2-dashing/pubsub/src/serial_led) by extensions ['ros']
[0.167s] Level 1:colcon.colcon_core.package_identification:_identify(/home/autobob/ros2-dashing/pubsub/src/serial_led) by extension 'ros'
[0.168s] DEBUG:colcon.colcon_core.package_identification:Package '/home/autobob/ros2-dashing/pubsub/src/serial_led' with type 'ros.ament_python' and name 'serial_led'
[0.168s] Level 1:colcon.colcon_core.package_identification:_identify(/home/autobob/ros2-dashing/pubsub/src/serial_motor) by extensions ['ignore', 'ignore_ament_install']
[0.168s] Level 1:colcon.colcon_core.package_identification:_identify(/home/autobob/ros2-dashing/pubsub/src/serial_motor) by extension 'ignore'
[0.168s] Level 1:colcon.colcon_core.package_identification:_identify(/home/autobob/ros2-dashing/pubsub/src/serial_motor) by extension 'ignore_ament_install'
[0.168s] Level 1:colcon.colcon_core.package_identification:_identify(/home/autobob/ros2-dashing/pubsub/src/serial_motor) by extensions ['colcon_pkg']
[0.169s] Level 1:colcon.colcon_core.package_identification:_identify(/home/autobob/ros2-dashing/pubsub/src/serial_motor) by extension 'colcon_pkg'
[0.169s] Level 1:colcon.colcon_core.package_identification:_identify(/home/autobob/ros2-dashing/pubsub/src/serial_motor) by extensions ['colcon_meta']
[0.169s] Level 1:colcon.colcon_core.package_identification:_identify(/home/autobob/ros2-dashing/pubsub/src/serial_motor) by extension 'colcon_meta'
[0.169s] Level 1:colcon.colcon_core.package_identification:_identify(/home/autobob/ros2-dashing/pubsub/src/serial_motor) by extensions ['ros']
[0.169s] Level 1:colcon.colcon_core.package_identification:_identify(/home/autobob/ros2-dashing/pubsub/src/serial_motor) by extension 'ros'
[0.170s] DEBUG:colcon.colcon_core.package_identification:Package '/home/autobob/ros2-dashing/pubsub/src/serial_motor' with type 'ros.ament_python' and name 'serial_motor'
[0.170s] Level 1:colcon.colcon_core.package_discovery:discover_packages(recursive) using defaults
[0.174s] Level 5:colcon.colcon_core.verb:set package 'basic_publisher' build argument 'cmake_args' from command line to 'None'
[0.174s] Level 5:colcon.colcon_core.verb:set package 'basic_publisher' build argument 'cmake_target' from command line to 'None'
[0.174s] Level 5:colcon.colcon_core.verb:set package 'basic_publisher' build argument 'cmake_target_skip_unavailable' from command line to 'False'
[0.174s] Level 5:colcon.colcon_core.verb:set package 'basic_publisher' build argument 'cmake_clean_cache' from command line to 'False'
[0.174s] Level 5:colcon.colcon_core.verb:set package 'basic_publisher' build argument 'cmake_clean_first' from command line to 'False'
[0.174s] Level 5:colcon.colcon_core.verb:set package 'basic_publisher' build argument 'cmake_force_configure' from command line to 'False'
[0.174s] Level 5:colcon.colcon_core.verb:set package 'basic_publisher' build argument 'ament_cmake_args' from command line to 'None'
[0.174s] Level 5:colcon.colcon_core.verb:set package 'basic_publisher' build argument 'catkin_cmake_args' from command line to 'None'
[0.174s] Level 5:colcon.colcon_core.verb:set package 'basic_publisher' build argument 'catkin_skip_building_tests' from command line to 'False'
[0.174s] DEBUG:colcon.colcon_core.verb:Building package 'basic_publisher' with the following arguments: {'ament_cmake_args': None, 'build_base': '/home/autobob/ros2-dashing/pubsub/build/basic_publisher', 'catkin_cmake_args': None, 'catkin_skip_building_tests': False, 'cmake_args': None, 'cmake_clean_cache': False, 'cmake_clean_first': False, 'cmake_force_configure': False, 'cmake_target': None, 'cmake_target_skip_unavailable': False, 'install_base': '/home/autobob/ros2-dashing/pubsub/install/basic_publisher', 'merge_install': False, 'path': '/home/autobob/ros2-dashing/pubsub/src/basic_publisher', 'symlink_install': False, 'test_result_base': None}
[0.177s] Level 5:colcon.colcon_core.verb:set package 'basic_subscriber' build argument 'cmake_args' from command line to 'None'
[0.177s] Level 5:colcon.colcon_core.verb:set package 'basic_subscriber' build argument 'cmake_target' from command line to 'None'
[0.177s] Level 5:colcon.colcon_core.verb:set package 'basic_subscriber' build argument 'cmake_target_skip_unavailable' from command line to 'False'
[0.177s] Level 5:colcon.colcon_core.verb:set package 'basic_subscriber' build argument 'cmake_clean_cache' from command line to 'False'
[0.177s] Level 5:colcon.colcon_core.verb:set package 'basic_subscriber' build argument 'cmake_clean_first' from command line to 'False'
[0.177s] Level 5:colcon.colcon_core.verb:set package 'basic_subscriber' build argument 'cmake_force_configure' from command line to 'False'
[0.177s] Level 5:colcon.colcon_core.verb:set package 'basic_subscriber' build argument 'ament_cmake_args' from command line to 'None'
[0.177s] Level 5:colcon.colcon_core.verb:set package 'basic_subscriber' build argument 'catkin_cmake_args' from command line to 'None'
[0.177s] Level 5:colcon.colcon_core.verb:set package 'basic_subscriber' build argument 'catkin_skip_building_tests' from command line to 'False'
[0.177s] DEBUG:colcon.colcon_core.verb:Building package 'basic_subscriber' with the following arguments: {'ament_cmake_args': None, 'build_base': '/home/autobob/ros2-dashing/pubsub/build/basic_subscriber', 'catkin_cmake_args': None, 'catkin_skip_building_tests': False, 'cmake_args': None, 'cmake_clean_cache': False, 'cmake_clean_first': False, 'cmake_force_configure': False, 'cmake_target': None, 'cmake_target_skip_unavailable': False, 'install_base': '/home/autobob/ros2-dashing/pubsub/install/basic_subscriber', 'merge_install': False, 'path': '/home/autobob/ros2-dashing/pubsub/src/basic_subscriber', 'symlink_install': False, 'test_result_base': None}
[0.179s] Level 5:colcon.colcon_core.verb:set package 'serial_led' build argument 'cmake_args' from command line to 'None'
[0.179s] Level 5:colcon.colcon_core.verb:set package 'serial_led' build argument 'cmake_target' from command line to 'None'
[0.179s] Level 5:colcon.colcon_core.verb:set package 'serial_led' build argument 'cmake_target_skip_unavailable' from command line to 'False'
[0.179s] Level 5:colcon.colcon_core.verb:set package 'serial_led' build argument 'cmake_clean_cache' from command line to 'False'
[0.179s] Level 5:colcon.colcon_core.verb:set package 'serial_led' build argument 'cmake_clean_first' from command line to 'False'
[0.179s] Level 5:colcon.colcon_core.verb:set package 'serial_led' build argument 'cmake_force_configure' from command line to 'False'
[0.179s] Level 5:colcon.colcon_core.verb:set package 'serial_led' build argument 'ament_cmake_args' from command line to 'None'
[0.179s] Level 5:colcon.colcon_core.verb:set package 'serial_led' build argument 'catkin_cmake_args' from command line to 'None'
[0.179s] Level 5:colcon.colcon_core.verb:set package 'serial_led' build argument 'catkin_skip_building_tests' from command line to 'False'
[0.179s] DEBUG:colcon.colcon_core.verb:Building package 'serial_led' with the following arguments: {'ament_cmake_args': None, 'build_base': '/home/autobob/ros2-dashing/pubsub/build/serial_led', 'catkin_cmake_args': None, 'catkin_skip_building_tests': False, 'cmake_args': None, 'cmake_clean_cache': False, 'cmake_clean_first': False, 'cmake_force_configure': False, 'cmake_target': None, 'cmake_target_skip_unavailable': False, 'install_base': '/home/autobob/ros2-dashing/pubsub/install/serial_led', 'merge_install': False, 'path': '/home/autobob/ros2-dashing/pubsub/src/serial_led', 'symlink_install': False, 'test_result_base': None}
[0.181s] Level 5:colcon.colcon_core.verb:set package 'serial_motor' build argument 'cmake_args' from command line to 'None'
[0.181s] Level 5:colcon.colcon_core.verb:set package 'serial_motor' build argument 'cmake_target' from command line to 'None'
[0.181s] Level 5:colcon.colcon_core.verb:set package 'serial_motor' build argument 'cmake_target_skip_unavailable' from command line to 'False'
[0.181s] Level 5:colcon.colcon_core.verb:set package 'serial_motor' build argument 'cmake_clean_cache' from command line to 'False'
[0.181s] Level 5:colcon.colcon_core.verb:set package 'serial_motor' build argument 'cmake_clean_first' from command line to 'False'
[0.181s] Level 5:colcon.colcon_core.verb:set package 'serial_motor' build argument 'cmake_force_configure' from command line to 'False'
[0.181s] Level 5:colcon.colcon_core.verb:set package 'serial_motor' build argument 'ament_cmake_args' from command line to 'None'
[0.181s] Level 5:colcon.colcon_core.verb:set package 'serial_motor' build argument 'catkin_cmake_args' from command line to 'None'
[0.182s] Level 5:colcon.colcon_core.verb:set package 'serial_motor' build argument 'catkin_skip_building_tests' from command line to 'False'
[0.182s] DEBUG:colcon.colcon_core.verb:Building package 'serial_motor' with the following arguments: {'ament_cmake_args': None, 'build_base': '/home/autobob/ros2-dashing/pubsub/build/serial_motor', 'catkin_cmake_args': None, 'catkin_skip_building_tests': False, 'cmake_args': None, 'cmake_clean_cache': False, 'cmake_clean_first': False, 'cmake_force_configure': False, 'cmake_target': None, 'cmake_target_skip_unavailable': False, 'install_base': '/home/autobob/ros2-dashing/pubsub/install/serial_motor', 'merge_install': False, 'path': '/home/autobob/ros2-dashing/pubsub/src/serial_motor', 'symlink_install': False, 'test_result_base': None}
[0.183s] INFO:colcon.colcon_core.executor:Executing jobs using 'parallel' executor
[0.183s] DEBUG:colcon.colcon_parallel_executor.executor.parallel:run_until_complete
[0.183s] INFO:colcon.colcon_ros.task.ament_python.build:Building ROS package in '/home/autobob/ros2-dashing/pubsub/src/basic_publisher' with build type 'ament_python'
[0.184s] Level 1:colcon.colcon_core.shell:create_environment_hook('basic_publisher', 'ament_prefix_path')
[0.187s] INFO:colcon.colcon_core.plugin_system:Skipping extension 'colcon_core.shell.bat': Not used on non-Windows systems
[0.187s] INFO:colcon.colcon_core.shell:Creating environment hook '/home/autobob/ros2-dashing/pubsub/install/basic_publisher/share/basic_publisher/hook/ament_prefix_path.ps1'
[0.188s] INFO:colcon.colcon_core.shell:Creating environment descriptor '/home/autobob/ros2-dashing/pubsub/install/basic_publisher/share/basic_publisher/hook/ament_prefix_path.dsv'
[0.188s] INFO:colcon.colcon_core.shell:Creating environment hook '/home/autobob/ros2-dashing/pubsub/install/basic_publisher/share/basic_publisher/hook/ament_prefix_path.sh'
[0.189s] INFO:colcon.colcon_core.shell:Skip shell extension 'powershell' for command environment: Not usable outside of PowerShell
[0.189s] DEBUG:colcon.colcon_core.shell:Skip shell extension 'dsv' for command environment
[0.191s] DEBUG:colcon.colcon_core.shell:Ignoring prefix path '/opt/ros/dashing'
[0.193s] INFO:colcon.colcon_ros.task.ament_python.build:Building ROS package in '/home/autobob/ros2-dashing/pubsub/src/basic_subscriber' with build type 'ament_python'
[0.194s] Level 1:colcon.colcon_core.shell:create_environment_hook('basic_subscriber', 'ament_prefix_path')
[0.194s] INFO:colcon.colcon_core.shell:Creating environment hook '/home/autobob/ros2-dashing/pubsub/install/basic_subscriber/share/basic_subscriber/hook/ament_prefix_path.ps1'
[0.195s] INFO:colcon.colcon_core.shell:Creating environment descriptor '/home/autobob/ros2-dashing/pubsub/install/basic_subscriber/share/basic_subscriber/hook/ament_prefix_path.dsv'
[0.196s] INFO:colcon.colcon_core.shell:Creating environment hook '/home/autobob/ros2-dashing/pubsub/install/basic_subscriber/share/basic_subscriber/hook/ament_prefix_path.sh'
[0.197s] INFO:colcon.colcon_core.shell:Skip shell extension 'powershell' for command environment: Not usable outside of PowerShell
[0.197s] DEBUG:colcon.colcon_core.shell:Skip shell extension 'dsv' for command environment
[0.198s] DEBUG:colcon.colcon_core.shell:Ignoring prefix path '/opt/ros/dashing'
[0.200s] INFO:colcon.colcon_ros.task.ament_python.build:Building ROS package in '/home/autobob/ros2-dashing/pubsub/src/serial_led' with build type 'ament_python'
[0.200s] Level 1:colcon.colcon_core.shell:create_environment_hook('serial_led', 'ament_prefix_path')
[0.201s] INFO:colcon.colcon_core.shell:Creating environment hook '/home/autobob/ros2-dashing/pubsub/install/serial_led/share/serial_led/hook/ament_prefix_path.ps1'
[0.202s] INFO:colcon.colcon_core.shell:Creating environment descriptor '/home/autobob/ros2-dashing/pubsub/install/serial_led/share/serial_led/hook/ament_prefix_path.dsv'
[0.202s] INFO:colcon.colcon_core.shell:Creating environment hook '/home/autobob/ros2-dashing/pubsub/install/serial_led/share/serial_led/hook/ament_prefix_path.sh'
[0.203s] INFO:colcon.colcon_core.shell:Skip shell extension 'powershell' for command environment: Not usable outside of PowerShell
[0.203s] DEBUG:colcon.colcon_core.shell:Skip shell extension 'dsv' for command environment
[0.204s] DEBUG:colcon.colcon_core.shell:Ignoring prefix path '/opt/ros/dashing'
[0.206s] INFO:colcon.colcon_ros.task.ament_python.build:Building ROS package in '/home/autobob/ros2-dashing/pubsub/src/serial_motor' with build type 'ament_python'
[0.207s] Level 1:colcon.colcon_core.shell:create_environment_hook('serial_motor', 'ament_prefix_path')
[0.207s] INFO:colcon.colcon_core.shell:Creating environment hook '/home/autobob/ros2-dashing/pubsub/install/serial_motor/share/serial_motor/hook/ament_prefix_path.ps1'
[0.208s] INFO:colcon.colcon_core.shell:Creating environment descriptor '/home/autobob/ros2-dashing/pubsub/install/serial_motor/share/serial_motor/hook/ament_prefix_path.dsv'
[0.208s] INFO:colcon.colcon_core.shell:Creating environment hook '/home/autobob/ros2-dashing/pubsub/install/serial_motor/share/serial_motor/hook/ament_prefix_path.sh'
[0.209s] INFO:colcon.colcon_core.shell:Skip shell extension 'powershell' for command environment: Not usable outside of PowerShell
[0.209s] DEBUG:colcon.colcon_core.shell:Skip shell extension 'dsv' for command environment
[0.212s] DEBUG:colcon.colcon_core.shell:Ignoring prefix path '/opt/ros/dashing'
[0.419s] INFO:colcon.colcon_core.task.python.build:Building Python package in '/home/autobob/ros2-dashing/pubsub/src/basic_publisher'
[0.420s] INFO:colcon.colcon_core.shell:Skip shell extension 'powershell' for command environment: Not usable outside of PowerShell
[0.420s] DEBUG:colcon.colcon_core.shell:Skip shell extension 'dsv' for command environment
[0.421s] DEBUG:colcon.colcon_core.shell:Ignoring prefix path '/opt/ros/dashing'
[0.623s] INFO:colcon.colcon_core.task.python.build:Building Python package in '/home/autobob/ros2-dashing/pubsub/src/basic_subscriber'
[0.623s] INFO:colcon.colcon_core.shell:Skip shell extension 'powershell' for command environment: Not usable outside of PowerShell
[0.623s] DEBUG:colcon.colcon_core.shell:Skip shell extension 'dsv' for command environment
[0.625s] DEBUG:colcon.colcon_core.shell:Ignoring prefix path '/opt/ros/dashing'
[0.828s] INFO:colcon.colcon_core.task.python.build:Building Python package in '/home/autobob/ros2-dashing/pubsub/src/serial_led'
[0.829s] INFO:colcon.colcon_core.shell:Skip shell extension 'powershell' for command environment: Not usable outside of PowerShell
[0.829s] DEBUG:colcon.colcon_core.shell:Skip shell extension 'dsv' for command environment
[0.831s] DEBUG:colcon.colcon_core.shell:Ignoring prefix path '/opt/ros/dashing'
[1.033s] INFO:colcon.colcon_core.task.python.build:Building Python package in '/home/autobob/ros2-dashing/pubsub/src/serial_motor'
[1.034s] INFO:colcon.colcon_core.shell:Skip shell extension 'powershell' for command environment: Not usable outside of PowerShell
[1.034s] DEBUG:colcon.colcon_core.shell:Skip shell extension 'dsv' for command environment
[1.037s] DEBUG:colcon.colcon_core.shell:Ignoring prefix path '/opt/ros/dashing'
[1.241s] DEBUG:colcon.colcon_core.event_handler.log_command:Invoking command in '/home/autobob/ros2-dashing/pubsub/src/basic_publisher': PYTHONPATH=/home/autobob/ros2-dashing/pubsub/install/basic_publisher/lib/python3.6/site-packages:${PYTHONPATH} /usr/bin/python3 setup.py egg_info --egg-base /home/autobob/ros2-dashing/pubsub/build/basic_publisher build --build-base /home/autobob/ros2-dashing/pubsub/build/basic_publisher/build install --prefix /home/autobob/ros2-dashing/pubsub/install/basic_publisher --record /home/autobob/ros2-dashing/pubsub/build/basic_publisher/install.log --single-version-externally-managed
[1.453s] DEBUG:colcon.colcon_core.event_handler.log_command:Invoking command in '/home/autobob/ros2-dashing/pubsub/src/basic_subscriber': PYTHONPATH=/home/autobob/ros2-dashing/pubsub/install/basic_subscriber/lib/python3.6/site-packages:${PYTHONPATH} /usr/bin/python3 setup.py egg_info --egg-base /home/autobob/ros2-dashing/pubsub/build/basic_subscriber build --build-base /home/autobob/ros2-dashing/pubsub/build/basic_subscriber/build install --prefix /home/autobob/ros2-dashing/pubsub/install/basic_subscriber --record /home/autobob/ros2-dashing/pubsub/build/basic_subscriber/install.log --single-version-externally-managed
[1.675s] DEBUG:colcon.colcon_core.event_handler.log_command:Invoking command in '/home/autobob/ros2-dashing/pubsub/src/serial_led': PYTHONPATH=/home/autobob/ros2-dashing/pubsub/install/serial_led/lib/python3.6/site-packages:${PYTHONPATH} /usr/bin/python3 setup.py egg_info --egg-base /home/autobob/ros2-dashing/pubsub/build/serial_led build --build-base /home/autobob/ros2-dashing/pubsub/build/serial_led/build install --prefix /home/autobob/ros2-dashing/pubsub/install/serial_led --record /home/autobob/ros2-dashing/pubsub/build/serial_led/install.log --single-version-externally-managed
[1.954s] DEBUG:colcon.colcon_core.event_handler.log_command:Invoking command in '/home/autobob/ros2-dashing/pubsub/src/serial_motor': PYTHONPATH=/home/autobob/ros2-dashing/pubsub/install/serial_motor/lib/python3.6/site-packages:${PYTHONPATH} /usr/bin/python3 setup.py egg_info --egg-base /home/autobob/ros2-dashing/pubsub/build/serial_motor build --build-base /home/autobob/ros2-dashing/pubsub/build/serial_motor/build install --prefix /home/autobob/ros2-dashing/pubsub/install/serial_motor --record /home/autobob/ros2-dashing/pubsub/build/serial_motor/install.log --single-version-externally-managed
[1.971s] Level 1:colcon.colcon_core.environment:checking '/home/autobob/ros2-dashing/pubsub/install/basic_subscriber' for CMake module files
[1.973s] Level 1:colcon.colcon_core.environment:checking '/home/autobob/ros2-dashing/pubsub/install/basic_subscriber' for CMake config files
[1.977s] Level 1:colcon.colcon_core.environment:checking '/home/autobob/ros2-dashing/pubsub/install/basic_subscriber/lib'
[1.977s] Level 1:colcon.colcon_core.environment:checking '/home/autobob/ros2-dashing/pubsub/install/basic_subscriber/bin'
[1.977s] Level 1:colcon.colcon_core.environment:checking '/home/autobob/ros2-dashing/pubsub/install/basic_subscriber/lib/pkgconfig/basic_subscriber.pc'
[1.978s] Level 1:colcon.colcon_core.environment:checking '/home/autobob/ros2-dashing/pubsub/install/basic_subscriber/lib/python3.6/site-packages'
[1.978s] Level 1:colcon.colcon_core.shell:create_environment_hook('basic_subscriber', 'pythonpath')
[1.978s] INFO:colcon.colcon_core.shell:Creating environment hook '/home/autobob/ros2-dashing/pubsub/install/basic_subscriber/share/basic_subscriber/hook/pythonpath.ps1'
[1.979s] INFO:colcon.colcon_core.shell:Creating environment descriptor '/home/autobob/ros2-dashing/pubsub/install/basic_subscriber/share/basic_subscriber/hook/pythonpath.dsv'
[1.980s] INFO:colcon.colcon_core.shell:Creating environment hook '/home/autobob/ros2-dashing/pubsub/install/basic_subscriber/share/basic_subscriber/hook/pythonpath.sh'
[1.981s] Level 1:colcon.colcon_core.environment:create_environment_scripts_only(basic_subscriber)
[1.982s] INFO:colcon.colcon_core.shell:Creating package script '/home/autobob/ros2-dashing/pubsub/install/basic_subscriber/share/basic_subscriber/package.ps1'
[1.983s] INFO:colcon.colcon_core.shell:Creating package descriptor '/home/autobob/ros2-dashing/pubsub/install/basic_subscriber/share/basic_subscriber/package.dsv'
[1.984s] INFO:colcon.colcon_core.shell:Creating package script '/home/autobob/ros2-dashing/pubsub/install/basic_subscriber/share/basic_subscriber/package.sh'
[1.986s] INFO:colcon.colcon_core.shell:Creating package script '/home/autobob/ros2-dashing/pubsub/install/basic_subscriber/share/basic_subscriber/package.bash'
[1.986s] DEBUG:colcon.colcon_core.event_handler.log_command:Invoked command in '/home/autobob/ros2-dashing/pubsub/src/basic_subscriber' returned '0': PYTHONPATH=/home/autobob/ros2-dashing/pubsub/install/basic_subscriber/lib/python3.6/site-packages:${PYTHONPATH} /usr/bin/python3 setup.py egg_info --egg-base /home/autobob/ros2-dashing/pubsub/build/basic_subscriber build --build-base /home/autobob/ros2-dashing/pubsub/build/basic_subscriber/build install --prefix /home/autobob/ros2-dashing/pubsub/install/basic_subscriber --record /home/autobob/ros2-dashing/pubsub/build/basic_subscriber/install.log --single-version-externally-managed
[1.987s] INFO:colcon.colcon_core.shell:Creating package script '/home/autobob/ros2-dashing/pubsub/install/basic_subscriber/share/basic_subscriber/package.zsh'
[1.988s] Level 1:colcon.colcon_core.environment:create_file_with_runtime_dependencies(/home/autobob/ros2-dashing/pubsub/install/basic_subscriber/share/colcon-core/packages/basic_subscriber)
[1.989s] Level 1:colcon.colcon_core.environment:checking '/home/autobob/ros2-dashing/pubsub/install/basic_publisher' for CMake module files
[1.990s] Level 1:colcon.colcon_core.environment:checking '/home/autobob/ros2-dashing/pubsub/install/basic_publisher' for CMake config files
[1.991s] Level 1:colcon.colcon_core.environment:checking '/home/autobob/ros2-dashing/pubsub/install/basic_publisher/lib'
[1.991s] Level 1:colcon.colcon_core.environment:checking '/home/autobob/ros2-dashing/pubsub/install/basic_publisher/bin'
[1.991s] Level 1:colcon.colcon_core.environment:checking '/home/autobob/ros2-dashing/pubsub/install/basic_publisher/lib/pkgconfig/basic_publisher.pc'
[1.991s] Level 1:colcon.colcon_core.environment:checking '/home/autobob/ros2-dashing/pubsub/install/basic_publisher/lib/python3.6/site-packages'
[1.992s] Level 1:colcon.colcon_core.shell:create_environment_hook('basic_publisher', 'pythonpath')
[1.992s] INFO:colcon.colcon_core.shell:Creating environment hook '/home/autobob/ros2-dashing/pubsub/install/basic_publisher/share/basic_publisher/hook/pythonpath.ps1'
[1.992s] DEBUG:colcon.colcon_core.event_handler.log_command:Invoked command in '/home/autobob/ros2-dashing/pubsub/src/basic_publisher' returned '0': PYTHONPATH=/home/autobob/ros2-dashing/pubsub/install/basic_publisher/lib/python3.6/site-packages:${PYTHONPATH} /usr/bin/python3 setup.py egg_info --egg-base /home/autobob/ros2-dashing/pubsub/build/basic_publisher build --build-base /home/autobob/ros2-dashing/pubsub/build/basic_publisher/build install --prefix /home/autobob/ros2-dashing/pubsub/install/basic_publisher --record /home/autobob/ros2-dashing/pubsub/build/basic_publisher/install.log --single-version-externally-managed
[1.993s] INFO:colcon.colcon_core.shell:Creating environment descriptor '/home/autobob/ros2-dashing/pubsub/install/basic_publisher/share/basic_publisher/hook/pythonpath.dsv'
[1.993s] INFO:colcon.colcon_core.shell:Creating environment hook '/home/autobob/ros2-dashing/pubsub/install/basic_publisher/share/basic_publisher/hook/pythonpath.sh'
[1.993s] Level 1:colcon.colcon_core.environment:create_environment_scripts_only(basic_publisher)
[1.994s] INFO:colcon.colcon_core.shell:Creating package script '/home/autobob/ros2-dashing/pubsub/install/basic_publisher/share/basic_publisher/package.ps1'
[1.995s] INFO:colcon.colcon_core.shell:Creating package descriptor '/home/autobob/ros2-dashing/pubsub/install/basic_publisher/share/basic_publisher/package.dsv'
[1.995s] INFO:colcon.colcon_core.shell:Creating package script '/home/autobob/ros2-dashing/pubsub/install/basic_publisher/share/basic_publisher/package.sh'
[1.995s] INFO:colcon.colcon_core.shell:Creating package script '/home/autobob/ros2-dashing/pubsub/install/basic_publisher/share/basic_publisher/package.bash'
[1.996s] INFO:colcon.colcon_core.shell:Creating package script '/home/autobob/ros2-dashing/pubsub/install/basic_publisher/share/basic_publisher/package.zsh'
[1.996s] Level 1:colcon.colcon_core.environment:create_file_with_runtime_dependencies(/home/autobob/ros2-dashing/pubsub/install/basic_publisher/share/colcon-core/packages/basic_publisher)
[1.998s] Level 1:colcon.colcon_core.environment:checking '/home/autobob/ros2-dashing/pubsub/install/serial_led' for CMake module files
[1.998s] DEBUG:colcon.colcon_core.event_handler.log_command:Invoked command in '/home/autobob/ros2-dashing/pubsub/src/serial_led' returned '0': PYTHONPATH=/home/autobob/ros2-dashing/pubsub/install/serial_led/lib/python3.6/site-packages:${PYTHONPATH} /usr/bin/python3 setup.py egg_info --egg-base /home/autobob/ros2-dashing/pubsub/build/serial_led build --build-base /home/autobob/ros2-dashing/pubsub/build/serial_led/build install --prefix /home/autobob/ros2-dashing/pubsub/install/serial_led --record /home/autobob/ros2-dashing/pubsub/build/serial_led/install.log --single-version-externally-managed
[1.998s] Level 1:colcon.colcon_core.environment:checking '/home/autobob/ros2-dashing/pubsub/install/serial_led' for CMake config files
[1.999s] Level 1:colcon.colcon_core.environment:checking '/home/autobob/ros2-dashing/pubsub/install/serial_led/lib'
[1.999s] Level 1:colcon.colcon_core.environment:checking '/home/autobob/ros2-dashing/pubsub/install/serial_led/bin'
[1.999s] Level 1:colcon.colcon_core.environment:checking '/home/autobob/ros2-dashing/pubsub/install/serial_led/lib/pkgconfig/serial_led.pc'
[1.999s] Level 1:colcon.colcon_core.environment:checking '/home/autobob/ros2-dashing/pubsub/install/serial_led/lib/python3.6/site-packages'
[1.999s] Level 1:colcon.colcon_core.shell:create_environment_hook('serial_led', 'pythonpath')
[2.000s] INFO:colcon.colcon_core.shell:Creating environment hook '/home/autobob/ros2-dashing/pubsub/install/serial_led/share/serial_led/hook/pythonpath.ps1'
[2.002s] INFO:colcon.colcon_core.shell:Creating environment descriptor '/home/autobob/ros2-dashing/pubsub/install/serial_led/share/serial_led/hook/pythonpath.dsv'
[2.002s] INFO:colcon.colcon_core.shell:Creating environment hook '/home/autobob/ros2-dashing/pubsub/install/serial_led/share/serial_led/hook/pythonpath.sh'
[2.002s] Level 1:colcon.colcon_core.environment:create_environment_scripts_only(serial_led)
[2.003s] INFO:colcon.colcon_core.shell:Creating package script '/home/autobob/ros2-dashing/pubsub/install/serial_led/share/serial_led/package.ps1'
[2.004s] INFO:colcon.colcon_core.shell:Creating package descriptor '/home/autobob/ros2-dashing/pubsub/install/serial_led/share/serial_led/package.dsv'
[2.004s] INFO:colcon.colcon_core.shell:Creating package script '/home/autobob/ros2-dashing/pubsub/install/serial_led/share/serial_led/package.sh'
[2.004s] INFO:colcon.colcon_core.shell:Creating package script '/home/autobob/ros2-dashing/pubsub/install/serial_led/share/serial_led/package.bash'
[2.005s] INFO:colcon.colcon_core.shell:Creating package script '/home/autobob/ros2-dashing/pubsub/install/serial_led/share/serial_led/package.zsh'
[2.005s] Level 1:colcon.colcon_core.environment:create_file_with_runtime_dependencies(/home/autobob/ros2-dashing/pubsub/install/serial_led/share/colcon-core/packages/serial_led)
[2.195s] Level 1:colcon.colcon_core.environment:checking '/home/autobob/ros2-dashing/pubsub/install/serial_motor' for CMake module files
[2.195s] DEBUG:colcon.colcon_core.event_handler.log_command:Invoked command in '/home/autobob/ros2-dashing/pubsub/src/serial_motor' returned '0': PYTHONPATH=/home/autobob/ros2-dashing/pubsub/install/serial_motor/lib/python3.6/site-packages:${PYTHONPATH} /usr/bin/python3 setup.py egg_info --egg-base /home/autobob/ros2-dashing/pubsub/build/serial_motor build --build-base /home/autobob/ros2-dashing/pubsub/build/serial_motor/build install --prefix /home/autobob/ros2-dashing/pubsub/install/serial_motor --record /home/autobob/ros2-dashing/pubsub/build/serial_motor/install.log --single-version-externally-managed
[2.195s] Level 1:colcon.colcon_core.environment:checking '/home/autobob/ros2-dashing/pubsub/install/serial_motor' for CMake config files
[2.196s] Level 1:colcon.colcon_core.environment:checking '/home/autobob/ros2-dashing/pubsub/install/serial_motor/lib'
[2.196s] Level 1:colcon.colcon_core.environment:checking '/home/autobob/ros2-dashing/pubsub/install/serial_motor/bin'
[2.196s] Level 1:colcon.colcon_core.environment:checking '/home/autobob/ros2-dashing/pubsub/install/serial_motor/lib/pkgconfig/serial_motor.pc'
[2.196s] Level 1:colcon.colcon_core.environment:checking '/home/autobob/ros2-dashing/pubsub/install/serial_motor/lib/python3.6/site-packages'
[2.196s] Level 1:colcon.colcon_core.shell:create_environment_hook('serial_motor', 'pythonpath')
[2.197s] INFO:colcon.colcon_core.shell:Creating environment hook '/home/autobob/ros2-dashing/pubsub/install/serial_motor/share/serial_motor/hook/pythonpath.ps1'
[2.197s] INFO:colcon.colcon_core.shell:Creating environment descriptor '/home/autobob/ros2-dashing/pubsub/install/serial_motor/share/serial_motor/hook/pythonpath.dsv'
[2.197s] INFO:colcon.colcon_core.shell:Creating environment hook '/home/autobob/ros2-dashing/pubsub/install/serial_motor/share/serial_motor/hook/pythonpath.sh'
[2.198s] Level 1:colcon.colcon_core.environment:create_environment_scripts_only(serial_motor)
[2.198s] INFO:colcon.colcon_core.shell:Creating package script '/home/autobob/ros2-dashing/pubsub/install/serial_motor/share/serial_motor/package.ps1'
[2.199s] INFO:colcon.colcon_core.shell:Creating package descriptor '/home/autobob/ros2-dashing/pubsub/install/serial_motor/share/serial_motor/package.dsv'
[2.199s] INFO:colcon.colcon_core.shell:Creating package script '/home/autobob/ros2-dashing/pubsub/install/serial_motor/share/serial_motor/package.sh'
[2.199s] INFO:colcon.colcon_core.shell:Creating package script '/home/autobob/ros2-dashing/pubsub/install/serial_motor/share/serial_motor/package.bash'
[2.200s] INFO:colcon.colcon_core.shell:Creating package script '/home/autobob/ros2-dashing/pubsub/install/serial_motor/share/serial_motor/package.zsh'
[2.200s] Level 1:colcon.colcon_core.environment:create_file_with_runtime_dependencies(/home/autobob/ros2-dashing/pubsub/install/serial_motor/share/colcon-core/packages/serial_motor)
[2.200s] DEBUG:colcon.colcon_parallel_executor.executor.parallel:closing loop
[2.201s] DEBUG:colcon.colcon_parallel_executor.executor.parallel:loop closed
[2.201s] DEBUG:colcon.colcon_parallel_executor.executor.parallel:run_until_complete finished with '0'
[2.201s] DEBUG:colcon.colcon_core.event_reactor:joining thread
[2.206s] INFO:colcon.colcon_core.plugin_system:Skipping extension 'colcon_notification.desktop_notification.terminal_notifier': Not used on non-Darwin systems
[2.206s] INFO:colcon.colcon_core.plugin_system:Skipping extension 'colcon_notification.desktop_notification.win32': Not used on non-Windows systems
[2.207s] INFO:colcon.colcon_notification.desktop_notification:Sending desktop notification using 'notify2'
[2.208s] DEBUG:colcon.colcon_core.event_reactor:joined thread
[2.209s] INFO:colcon.colcon_core.shell:Creating prefix script '/home/autobob/ros2-dashing/pubsub/install/local_setup.ps1'
[2.210s] INFO:colcon.colcon_core.shell:Creating prefix util module '/home/autobob/ros2-dashing/pubsub/install/_local_setup_util_ps1.py'
[2.211s] INFO:colcon.colcon_core.shell:Creating prefix chain script '/home/autobob/ros2-dashing/pubsub/install/setup.ps1'
[2.213s] INFO:colcon.colcon_core.shell:Creating prefix script '/home/autobob/ros2-dashing/pubsub/install/local_setup.sh'
[2.214s] INFO:colcon.colcon_core.shell:Creating prefix util module '/home/autobob/ros2-dashing/pubsub/install/_local_setup_util_sh.py'
[2.214s] INFO:colcon.colcon_core.shell:Creating prefix chain script '/home/autobob/ros2-dashing/pubsub/install/setup.sh'
[2.216s] INFO:colcon.colcon_core.shell:Creating prefix script '/home/autobob/ros2-dashing/pubsub/install/local_setup.bash'
[2.217s] INFO:colcon.colcon_core.shell:Creating prefix chain script '/home/autobob/ros2-dashing/pubsub/install/setup.bash'
[2.219s] INFO:colcon.colcon_core.shell:Creating prefix script '/home/autobob/ros2-dashing/pubsub/install/local_setup.zsh'
[2.219s] INFO:colcon.colcon_core.shell:Creating prefix chain script '/home/autobob/ros2-dashing/pubsub/install/setup.zsh'
