Invoking command in '/home/autobob/ros2-dashing/pubsub/src/serial_led': PYTHONPATH=/home/autobob/ros2-dashing/pubsub/install/serial_led/lib/python3.6/site-packages:${PYTHONPATH} /usr/bin/python3 setup.py egg_info --egg-base /home/autobob/ros2-dashing/pubsub/build/serial_led build --build-base /home/autobob/ros2-dashing/pubsub/build/serial_led/build install --prefix /home/autobob/ros2-dashing/pubsub/install/serial_led --record /home/autobob/ros2-dashing/pubsub/build/serial_led/install.log --single-version-externally-managed
running egg_info
creating /home/autobob/ros2-dashing/pubsub/build/serial_led/serial_led.egg-info
writing /home/autobob/ros2-dashing/pubsub/build/serial_led/serial_led.egg-info/PKG-INFO
writing dependency_links to /home/autobob/ros2-dashing/pubsub/build/serial_led/serial_led.egg-info/dependency_links.txt
writing entry points to /home/autobob/ros2-dashing/pubsub/build/serial_led/serial_led.egg-info/entry_points.txt
writing requirements to /home/autobob/ros2-dashing/pubsub/build/serial_led/serial_led.egg-info/requires.txt
writing top-level names to /home/autobob/ros2-dashing/pubsub/build/serial_led/serial_led.egg-info/top_level.txt
writing manifest file '/home/autobob/ros2-dashing/pubsub/build/serial_led/serial_led.egg-info/SOURCES.txt'
reading manifest file '/home/autobob/ros2-dashing/pubsub/build/serial_led/serial_led.egg-info/SOURCES.txt'
writing manifest file '/home/autobob/ros2-dashing/pubsub/build/serial_led/serial_led.egg-info/SOURCES.txt'
running build
running build_py
creating /home/autobob/ros2-dashing/pubsub/build/serial_led/build
creating /home/autobob/ros2-dashing/pubsub/build/serial_led/build/lib
creating /home/autobob/ros2-dashing/pubsub/build/serial_led/build/lib/serial_led
copying serial_led/led_node.py -> /home/autobob/ros2-dashing/pubsub/build/serial_led/build/lib/serial_led
copying serial_led/__init__.py -> /home/autobob/ros2-dashing/pubsub/build/serial_led/build/lib/serial_led
running install
running install_lib
creating /home/autobob/ros2-dashing/pubsub/install/serial_led/lib/python3.6/site-packages/serial_led
copying /home/autobob/ros2-dashing/pubsub/build/serial_led/build/lib/serial_led/led_node.py -> /home/autobob/ros2-dashing/pubsub/install/serial_led/lib/python3.6/site-packages/serial_led
copying /home/autobob/ros2-dashing/pubsub/build/serial_led/build/lib/serial_led/__init__.py -> /home/autobob/ros2-dashing/pubsub/install/serial_led/lib/python3.6/site-packages/serial_led
byte-compiling /home/autobob/ros2-dashing/pubsub/install/serial_led/lib/python3.6/site-packages/serial_led/led_node.py to led_node.cpython-36.pyc
byte-compiling /home/autobob/ros2-dashing/pubsub/install/serial_led/lib/python3.6/site-packages/serial_led/__init__.py to __init__.cpython-36.pyc
running install_data
creating /home/autobob/ros2-dashing/pubsub/install/serial_led/share/ament_index
creating /home/autobob/ros2-dashing/pubsub/install/serial_led/share/ament_index/resource_index
creating /home/autobob/ros2-dashing/pubsub/install/serial_led/share/ament_index/resource_index/packages
copying resource/serial_led -> /home/autobob/ros2-dashing/pubsub/install/serial_led/share/ament_index/resource_index/packages
copying package.xml -> /home/autobob/ros2-dashing/pubsub/install/serial_led/share/serial_led
running install_egg_info
Copying /home/autobob/ros2-dashing/pubsub/build/serial_led/serial_led.egg-info to /home/autobob/ros2-dashing/pubsub/install/serial_led/lib/python3.6/site-packages/serial_led-0.0.0-py3.6.egg-info
running install_scripts
Installing led script to /home/autobob/ros2-dashing/pubsub/install/serial_led/lib/serial_led
writing list of installed files to '/home/autobob/ros2-dashing/pubsub/build/serial_led/install.log'
Invoked command in '/home/autobob/ros2-dashing/pubsub/src/serial_led' returned '0': PYTHONPATH=/home/autobob/ros2-dashing/pubsub/install/serial_led/lib/python3.6/site-packages:${PYTHONPATH} /usr/bin/python3 setup.py egg_info --egg-base /home/autobob/ros2-dashing/pubsub/build/serial_led build --build-base /home/autobob/ros2-dashing/pubsub/build/serial_led/build install --prefix /home/autobob/ros2-dashing/pubsub/install/serial_led --record /home/autobob/ros2-dashing/pubsub/build/serial_led/install.log --single-version-externally-managed
