Invoking command in '/home/autobob/ros2-dashing/pubsub/src/basic_publisher': PYTHONPATH=/home/autobob/ros2-dashing/pubsub/install/basic_publisher/lib/python3.6/site-packages:${PYTHONPATH} /usr/bin/python3 setup.py egg_info --egg-base /home/autobob/ros2-dashing/pubsub/build/basic_publisher build --build-base /home/autobob/ros2-dashing/pubsub/build/basic_publisher/build install --prefix /home/autobob/ros2-dashing/pubsub/install/basic_publisher --record /home/autobob/ros2-dashing/pubsub/build/basic_publisher/install.log --single-version-externally-managed
running egg_info
creating /home/autobob/ros2-dashing/pubsub/build/basic_publisher/basic_publisher.egg-info
writing /home/autobob/ros2-dashing/pubsub/build/basic_publisher/basic_publisher.egg-info/PKG-INFO
writing dependency_links to /home/autobob/ros2-dashing/pubsub/build/basic_publisher/basic_publisher.egg-info/dependency_links.txt
writing entry points to /home/autobob/ros2-dashing/pubsub/build/basic_publisher/basic_publisher.egg-info/entry_points.txt
writing requirements to /home/autobob/ros2-dashing/pubsub/build/basic_publisher/basic_publisher.egg-info/requires.txt
writing top-level names to /home/autobob/ros2-dashing/pubsub/build/basic_publisher/basic_publisher.egg-info/top_level.txt
writing manifest file '/home/autobob/ros2-dashing/pubsub/build/basic_publisher/basic_publisher.egg-info/SOURCES.txt'
reading manifest file '/home/autobob/ros2-dashing/pubsub/build/basic_publisher/basic_publisher.egg-info/SOURCES.txt'
writing manifest file '/home/autobob/ros2-dashing/pubsub/build/basic_publisher/basic_publisher.egg-info/SOURCES.txt'
running build
running build_py
creating /home/autobob/ros2-dashing/pubsub/build/basic_publisher/build
creating /home/autobob/ros2-dashing/pubsub/build/basic_publisher/build/lib
creating /home/autobob/ros2-dashing/pubsub/build/basic_publisher/build/lib/basic_publisher
copying basic_publisher/__init__.py -> /home/autobob/ros2-dashing/pubsub/build/basic_publisher/build/lib/basic_publisher
running install
running install_lib
creating /home/autobob/ros2-dashing/pubsub/install/basic_publisher/lib/python3.6/site-packages/basic_publisher
copying /home/autobob/ros2-dashing/pubsub/build/basic_publisher/build/lib/basic_publisher/__init__.py -> /home/autobob/ros2-dashing/pubsub/install/basic_publisher/lib/python3.6/site-packages/basic_publisher
byte-compiling /home/autobob/ros2-dashing/pubsub/install/basic_publisher/lib/python3.6/site-packages/basic_publisher/__init__.py to __init__.cpython-36.pyc
running install_data
creating /home/autobob/ros2-dashing/pubsub/install/basic_publisher/share/ament_index
creating /home/autobob/ros2-dashing/pubsub/install/basic_publisher/share/ament_index/resource_index
creating /home/autobob/ros2-dashing/pubsub/install/basic_publisher/share/ament_index/resource_index/packages
copying resource/basic_publisher -> /home/autobob/ros2-dashing/pubsub/install/basic_publisher/share/ament_index/resource_index/packages
copying package.xml -> /home/autobob/ros2-dashing/pubsub/install/basic_publisher/share/basic_publisher
running install_egg_info
Copying /home/autobob/ros2-dashing/pubsub/build/basic_publisher/basic_publisher.egg-info to /home/autobob/ros2-dashing/pubsub/install/basic_publisher/lib/python3.6/site-packages/basic_publisher-0.0.0-py3.6.egg-info
running install_scripts
writing list of installed files to '/home/autobob/ros2-dashing/pubsub/build/basic_publisher/install.log'
Invoked command in '/home/autobob/ros2-dashing/pubsub/src/basic_publisher' returned '0': PYTHONPATH=/home/autobob/ros2-dashing/pubsub/install/basic_publisher/lib/python3.6/site-packages:${PYTHONPATH} /usr/bin/python3 setup.py egg_info --egg-base /home/autobob/ros2-dashing/pubsub/build/basic_publisher build --build-base /home/autobob/ros2-dashing/pubsub/build/basic_publisher/build install --prefix /home/autobob/ros2-dashing/pubsub/install/basic_publisher --record /home/autobob/ros2-dashing/pubsub/build/basic_publisher/install.log --single-version-externally-managed
