running egg_info
writing /home/autobob/ros2-dashing/pubsub/build/serial_motor/serial_motor.egg-info/PKG-INFO
writing dependency_links to /home/autobob/ros2-dashing/pubsub/build/serial_motor/serial_motor.egg-info/dependency_links.txt
writing entry points to /home/autobob/ros2-dashing/pubsub/build/serial_motor/serial_motor.egg-info/entry_points.txt
writing requirements to /home/autobob/ros2-dashing/pubsub/build/serial_motor/serial_motor.egg-info/requires.txt
writing top-level names to /home/autobob/ros2-dashing/pubsub/build/serial_motor/serial_motor.egg-info/top_level.txt
reading manifest file '/home/autobob/ros2-dashing/pubsub/build/serial_motor/serial_motor.egg-info/SOURCES.txt'
writing manifest file '/home/autobob/ros2-dashing/pubsub/build/serial_motor/serial_motor.egg-info/SOURCES.txt'
running build
running build_py
copying serial_motor/motor_node.py -> /home/autobob/ros2-dashing/pubsub/build/serial_motor/build/lib/serial_motor
running install
running install_lib
copying /home/autobob/ros2-dashing/pubsub/build/serial_motor/build/lib/serial_motor/motor_node.py -> /home/autobob/ros2-dashing/pubsub/install/serial_motor/lib/python3.6/site-packages/serial_motor
byte-compiling /home/autobob/ros2-dashing/pubsub/install/serial_motor/lib/python3.6/site-packages/serial_motor/motor_node.py to motor_node.cpython-36.pyc
running install_data
copying package.xml -> /home/autobob/ros2-dashing/pubsub/install/serial_motor/share/serial_motor
running install_egg_info
removing '/home/autobob/ros2-dashing/pubsub/install/serial_motor/lib/python3.6/site-packages/serial_motor-0.0.0-py3.6.egg-info' (and everything under it)
Copying /home/autobob/ros2-dashing/pubsub/build/serial_motor/serial_motor.egg-info to /home/autobob/ros2-dashing/pubsub/install/serial_motor/lib/python3.6/site-packages/serial_motor-0.0.0-py3.6.egg-info
running install_scripts
Installing motor script to /home/autobob/ros2-dashing/pubsub/install/serial_motor/lib/serial_motor
writing list of installed files to '/home/autobob/ros2-dashing/pubsub/build/serial_motor/install.log'
